<?xml version="1.0" encoding="UTF-8"?>
<testsuite xmlns:xsi="http://www.w3.org/2001/XMLSchema-instance" xsi:noNamespaceSchemaLocation="https://maven.apache.org/surefire/maven-surefire-plugin/xsd/surefire-test-report.xsd" name="fi.tuni.prog3.sisu.AppTest" time="45.874" tests="7" errors="0" skipped="0" failures="1">
  <properties>
[...]
</properties>
  <testcase name="testGetSelectionProgramInfo" classname="fi.tuni.prog3.sisu.AppTest" time="7.525"/>
  <testcase name="testGetStudent" classname="fi.tuni.prog3.sisu.AppTest" time="6.441"/>
  <testcase name="testMain" classname="fi.tuni.prog3.sisu.AppTest" time="6.4"/>
  <testcase name="testi{FxRobot}" classname="fi.tuni.prog3.sisu.AppTest" time="6.392">
    <failure message="&#10;Expected: Labeled has text &quot;en&quot;&#10;     but: was &quot;fi&quot;" type="java.lang.AssertionError">java.lang.AssertionError: 

Expected: Labeled has text "en"
     but: was "fi"
	at fi.tuni.prog3.sisu.AppTest.testi(AppTest.java:97)
</failure>
  </testcase>
  <testcase name="testSetSelectionProgramInfo" classname="fi.tuni.prog3.sisu.AppTest" time="6.372"/>
  <testcase name="testSetUserData" classname="fi.tuni.prog3.sisu.AppTest" time="6.356"/>
  <testcase name="testSetRoot" classname="fi.tuni.prog3.sisu.AppTest" time="6.371"/>
</testsuite>